<?xml version="1.0" encoding="UTF-8"?>
<testsuite xmlns:xsi="http://www.w3.org/2001/XMLSchema-instance" xsi:noNamespaceSchemaLocation="https://maven.apache.org/surefire/maven-surefire-plugin/xsd/surefire-test-report.xsd" version="3.0.2" name="com.ust.demo.FoodServiceApplicationTests" time="11.127" tests="1" errors="0" skipped="0" failures="0">
  <properties>
[...]
</properties>
  <testcase name="contextLoads" classname="com.ust.demo.FoodServiceApplicationTests" time="0.763">
    <system-out><![CDATA[16:35:20.751 [main] INFO org.springframework.test.context.support.AnnotationConfigContextLoaderUtils -- Could not detect default configuration classes for test class [com.ust.demo.FoodServiceApplicationTests]: FoodServiceApplicationTests does not declare any static, non-private, non-final, nested classes annotated with @Configuration.
16:35:20.967 [main] INFO org.springframework.boot.test.context.SpringBootTestContextBootstrapper -- Found @SpringBootConfiguration com.ust.demo.FoodServiceApplication for test class com.ust.demo.FoodServiceApplicationTests

  .   ____          _            __ _ _
 /\\ / ___'_ __ _ _(_)_ __  __ _ \ \ \ \
( ( )\___ | '_ | '_| | '_ \/ _` | \ \ \ \
 \\/  ___)| |_)| | | | | || (_| |  ) ) ) )
  '  |____| .__|_| |_|_| |_\__, | / / / /
 =========|_|==============|___/=/_/_/_/

 :: Spring Boot ::                (v3.4.4)

2025-04-01T16:35:21.934+05:30  INFO 6992 --- [food-service] [           main] c.ust.demo.FoodServiceApplicationTests   : Starting FoodServiceApplicationTests using Java 17.0.6 with PID 6992 (started by Administrator in C:\ust5-jag\OfflineBatch2\spring\food-service)
2025-04-01T16:35:21.936+05:30  INFO 6992 --- [food-service] [           main] c.ust.demo.FoodServiceApplicationTests   : No active profile set, falling back to 1 default profile: "default"
2025-04-01T16:35:23.418+05:30  INFO 6992 --- [food-service] [           main] .s.d.r.c.RepositoryConfigurationDelegate : Bootstrapping Spring Data JPA repositories in DEFAULT mode.
2025-04-01T16:35:23.521+05:30  INFO 6992 --- [food-service] [           main] .s.d.r.c.RepositoryConfigurationDelegate : Finished Spring Data repository scanning in 76 ms. Found 1 JPA repository interface.
2025-04-01T16:35:24.222+05:30  INFO 6992 --- [food-service] [           main] o.hibernate.jpa.internal.util.LogHelper  : HHH000204: Processing PersistenceUnitInfo [name: default]
2025-04-01T16:35:24.362+05:30  INFO 6992 --- [food-service] [           main] org.hibernate.Version                    : HHH000412: Hibernate ORM core version 6.6.11.Final
2025-04-01T16:35:24.441+05:30  INFO 6992 --- [food-service] [           main] o.h.c.internal.RegionFactoryInitiator    : HHH000026: Second-level cache disabled
2025-04-01T16:35:25.155+05:30  INFO 6992 --- [food-service] [           main] o.s.o.j.p.SpringPersistenceUnitInfo      : No LoadTimeWeaver setup: ignoring JPA class transformer
2025-04-01T16:35:25.244+05:30  INFO 6992 --- [food-service] [           main] com.zaxxer.hikari.HikariDataSource       : HikariPool-1 - Starting...
2025-04-01T16:35:25.759+05:30  INFO 6992 --- [food-service] [           main] com.zaxxer.hikari.pool.HikariPool        : HikariPool-1 - Added connection conn0: url=jdbc:h2:file:./data/food user=SA
2025-04-01T16:35:25.761+05:30  INFO 6992 --- [food-service] [           main] com.zaxxer.hikari.HikariDataSource       : HikariPool-1 - Start completed.
2025-04-01T16:35:25.839+05:30  WARN 6992 --- [food-service] [           main] org.hibernate.orm.deprecation            : HHH90000025: H2Dialect does not need to be specified explicitly using 'hibernate.dialect' (remove the property setting and it will be selected by default)
2025-04-01T16:35:25.906+05:30  INFO 6992 --- [food-service] [           main] org.hibernate.orm.connections.pooling    : HHH10001005: Database info:
	Database JDBC URL [Connecting through datasource 'HikariDataSource (HikariPool-1)']
	Database driver: undefined/unknown
	Database version: 2.3.232
	Autocommit mode: undefined/unknown
	Isolation level: undefined/unknown
	Minimum pool size: undefined/unknown
	Maximum pool size: undefined/unknown
Hibernate: create global temporary table HTE_food(rn_ integer not null, id bigint, price float(53), category varchar(255), name varchar(255), primary key (rn_)) TRANSACTIONAL
2025-04-01T16:35:27.825+05:30  INFO 6992 --- [food-service] [           main] o.h.e.t.j.p.i.JtaPlatformInitiator       : HHH000489: No JTA platform available (set 'hibernate.transaction.jta.platform' to enable JTA platform integration)
2025-04-01T16:35:27.867+05:30  INFO 6992 --- [food-service] [           main] j.LocalContainerEntityManagerFactoryBean : Initialized JPA EntityManagerFactory for persistence unit 'default'
2025-04-01T16:35:28.654+05:30  WARN 6992 --- [food-service] [           main] JpaBaseConfiguration$JpaWebConfiguration : spring.jpa.open-in-view is enabled by default. Therefore, database queries may be performed during view rendering. Explicitly configure spring.jpa.open-in-view to disable this warning
2025-04-01T16:35:28.762+05:30  INFO 6992 --- [food-service] [           main] o.s.v.b.OptionalValidatorFactoryBean     : Failed to set up a Bean Validation provider: jakarta.validation.NoProviderFoundException: Unable to create a Configuration, because no Jakarta Bean Validation provider could be found. Add a provider like Hibernate Validator (RI) to your classpath.
2025-04-01T16:35:30.709+05:30  INFO 6992 --- [food-service] [           main] o.s.b.a.h2.H2ConsoleAutoConfiguration    : H2 console available at '/h2'. Database available at 'jdbc:h2:file:./data/food'
2025-04-01T16:35:30.803+05:30  INFO 6992 --- [food-service] [           main] c.ust.demo.FoodServiceApplicationTests   : Started FoodServiceApplicationTests in 9.487 seconds (process running for 11.277)
]]></system-out>
  </testcase>
</testsuite>